#
# An unexpected error has been detected by Java Runtime Environment:
#
#  EXCEPTION_ACCESS_VIOLATION (0xc0000005) at pc=0x7715224d, pid=1568, tid=5068
#
# Java VM: Java HotSpot(TM) Client VM (11.3-b02 mixed mode windows-x86)
# Problematic frame:
# C  [ntdll.dll+0x3224d]
#
# If you would like to submit a bug report, please visit:
#   http://java.sun.com/webapps/bugreport/crash.jsp
# The crash happened outside the Java Virtual Machine in native code.
# See problematic frame for where to report the bug.
#

---------------  T H R E A D  ---------------

Current thread (0x01992000):  JavaThread "Thread-6" [_thread_in_native, id=5068, stack(0x15830000,0x15880000)]

siginfo: ExceptionCode=0xc0000005, writing address 0x00000014

Registers:
EAX=0x00000000, EBX=0xfffffffe, ECX=0x00000000, EDX=0x00000002
ESP=0x1587f85c, EBP=0x1587f8ac, ESI=0x00163098, EDI=0x0016309c
EIP=0x7715224d, EFLAGS=0x00010213

Top of Stack: (sp=0x1587f85c)
0x1587f85c:   00163098 0016309c 00163098 00000000
0x1587f86c:   00000000 00000000 1587f864 77176536
0x1587f87c:   00000000 1587f840 01e018a0 1587fcb8
0x1587f88c:   7552b0e5 817d93a7 fffffffe 00000000
0x1587f89c:   00000000 00000000 7ff8b000 000006e4
0x1587f8ac:   1587f8d4 7715215c 00000000 00000000
0x1587f8bc:   00163098 1587f96c 001630b0 00000002
0x1587f8cc:   00000000 00000003 1587f8e8 73684b96 

Instructions: (pc=0x7715224d)
0x7715223d:   ff 33 c0 89 45 0c 89 45 08 8b 06 83 f8 ff 74 03
0x7715224d:   ff 40 14 8b 5d f4 8b 7d f0 80 3d 82 03 fe 7f 00 


Stack: [0x15830000,0x15880000],  sp=0x1587f85c,  free space=318k
Native frames: (J=compiled Java code, j=interpreted, Vv=VM code, C=native code)
C  [ntdll.dll+0x3224d]
C  [ntdll.dll+0x3215c]
C  [WINMM.dll+0x4b96]
C  [espeak_lib.dll+0x312e3]
C  [espeak_lib.dll+0x2eb09]
C  [espeak_lib.dll+0x2b43d]
C  [espeak_lib.dll+0x1e956]
C  [espeak_lib.dll+0x17b65]
C  [espeak_lib.dll+0x17a4d]
C  [espeak_lib.dll+0x186d0]
C  [jtts.dll+0x180b]
j  org.loon.framework.jtts.Espeak.synth(Ljava/lang/String;)V+0
j  org.loon.framework.jtts.JTTSImpl$2.run()V+10
v  ~StubRoutines::call_stub

Java frames: (J=compiled Java code, j=interpreted, Vv=VM code)
j  org.loon.framework.jtts.Espeak.synth(Ljava/lang/String;)V+0
j  org.loon.framework.jtts.JTTSImpl$2.run()V+10
v  ~StubRoutines::call_stub

---------------  P R O C E S S  ---------------

Java Threads: ( => current thread )
  0x01a51000 JavaThread "Thread-9" [_thread_in_native, id=5100, stack(0x15920000,0x15970000)]
  0x01998000 JavaThread "Thread-8" [_thread_in_native, id=5672, stack(0x15880000,0x158d0000)]
=>0x01992000 JavaThread "Thread-6" [_thread_in_native, id=5068, stack(0x15830000,0x15880000)]
  0x0bf8a800 JavaThread "D3D Screen Updater" daemon [_thread_blocked, id=4980, stack(0x0fbb0000,0x0fc00000)]
  0x0beebc00 JavaThread "TimerQueue" daemon [_thread_blocked, id=2232, stack(0x0f1d0000,0x0f220000)]
  0x0127a400 JavaThread "DestroyJavaVM" [_thread_blocked, id=4856, stack(0x00370000,0x003c0000)]
  0x0bde6800 JavaThread "AWT-EventQueue-0" [_thread_blocked, id=1352, stack(0x0c140000,0x0c190000)]
  0x0bde6000 JavaThread "AWT-Windows" daemon [_thread_in_native, id=4656, stack(0x0c0a0000,0x0c0f0000)]
  0x0bde5c00 JavaThread "AWT-Shutdown" [_thread_blocked, id=5816, stack(0x0c050000,0x0c0a0000)]
  0x0bde3400 JavaThread "Java2D Disposer" daemon [_thread_blocked, id=4864, stack(0x0c000000,0x0c050000)]
  0x01a3d400 JavaThread "Low Memory Detector" daemon [_thread_blocked, id=6088, stack(0x0bd10000,0x0bd60000)]
  0x01a3b800 JavaThread "CompilerThread0" daemon [_thread_blocked, id=1496, stack(0x0bcc0000,0x0bd10000)]
  0x01a0b000 JavaThread "Attach Listener" daemon [_thread_blocked, id=1752, stack(0x0bc70000,0x0bcc0000)]
  0x01a0a400 JavaThread "Signal Dispatcher" daemon [_thread_blocked, id=6104, stack(0x0bc20000,0x0bc70000)]
  0x019f9400 JavaThread "Finalizer" daemon [_thread_blocked, id=4300, stack(0x0bbd0000,0x0bc20000)]
  0x019f4c00 JavaThread "Reference Handler" daemon [_thread_blocked, id=2864, stack(0x0bb80000,0x0bbd0000)]

Other Threads:
  0x019f1800 VMThread [stack: 0x0bb30000,0x0bb80000] [id=3164]
  0x01a3d800 WatcherThread [stack: 0x0bd60000,0x0bdb0000] [id=268]

VM state:not at safepoint (normal execution)

VM Mutex/Monitor currently owned by a thread: None

Heap
 def new generation   total 960K, used 220K [0x03ae0000, 0x03be0000, 0x03fc0000)
  eden space 896K,  17% used [0x03ae0000, 0x03b07068, 0x03bc0000)
  from space 64K, 100% used [0x03bc0000, 0x03bd0000, 0x03bd0000)
  to   space 64K,   0% used [0x03bd0000, 0x03bd0000, 0x03be0000)
 tenured generation   total 4096K, used 2197K [0x03fc0000, 0x043c0000, 0x07ae0000)
   the space 4096K,  53% used [0x03fc0000, 0x041e55e0, 0x041e5600, 0x043c0000)
 compacting perm gen  total 12288K, used 9143K [0x07ae0000, 0x086e0000, 0x0bae0000)
   the space 12288K,  74% used [0x07ae0000, 0x083cdec8, 0x083ce000, 0x086e0000)
No shared spaces configured.

Dynamic libraries:
0x00400000 - 0x00424000 	C:\ProgramFiles\binary\com.sun.java.jdk.win32.x86_1.6.0.013\bin\javaw.exe
0x77120000 - 0x7725c000 	C:\Windows\SYSTEM32\ntdll.dll
0x76090000 - 0x76164000 	C:\Windows\system32\kernel32.dll
0x75510000 - 0x7555b000 	C:\Windows\system32\KERNELBASE.dll
0x75db0000 - 0x75e50000 	C:\Windows\system32\ADVAPI32.dll
0x75e60000 - 0x75f0c000 	C:\Windows\system32\msvcrt.dll
0x75940000 - 0x75959000 	C:\Windows\SYSTEM32\sechost.dll
0x755b0000 - 0x75651000 	C:\Windows\system32\RPCRT4.dll
0x756d0000 - 0x75799000 	C:\Windows\system32\USER32.dll
0x75c00000 - 0x75c4e000 	C:\Windows\system32\GDI32.dll
0x77260000 - 0x7726a000 	C:\Windows\system32\LPK.dll
0x76170000 - 0x7620d000 	C:\Windows\system32\USP10.dll
0x75660000 - 0x7567f000 	C:\Windows\system32\IMM32.DLL
0x75b30000 - 0x75bfc000 	C:\Windows\system32\MSCTF.dll
0x7c340000 - 0x7c396000 	C:\ProgramFiles\binary\com.sun.java.jdk.win32.x86_1.6.0.013\jre\bin\msvcr71.dll
0x6d8b0000 - 0x6db06000 	C:\ProgramFiles\binary\com.sun.java.jdk.win32.x86_1.6.0.013\jre\bin\client\jvm.dll
0x73680000 - 0x736b2000 	C:\Windows\system32\WINMM.dll
0x751e0000 - 0x7522c000 	C:\Windows\system32\apphelp.dll
0x6d340000 - 0x6d348000 	C:\ProgramFiles\binary\com.sun.java.jdk.win32.x86_1.6.0.013\jre\bin\hpi.dll
0x772a0000 - 0x772a5000 	C:\Windows\system32\PSAPI.DLL
0x6d860000 - 0x6d86c000 	C:\ProgramFiles\binary\com.sun.java.jdk.win32.x86_1.6.0.013\jre\bin\verify.dll
0x6d3e0000 - 0x6d3ff000 	C:\ProgramFiles\binary\com.sun.java.jdk.win32.x86_1.6.0.013\jre\bin\java.dll
0x6d8a0000 - 0x6d8af000 	C:\ProgramFiles\binary\com.sun.java.jdk.win32.x86_1.6.0.013\jre\bin\zip.dll
0x6d0b0000 - 0x6d1fa000 	C:\ProgramFiles\binary\com.sun.java.jdk.win32.x86_1.6.0.013\jre\bin\awt.dll
0x70b40000 - 0x70b91000 	C:\Windows\system32\WINSPOOL.DRV
0x75c50000 - 0x75dac000 	C:\Windows\system32\ole32.dll
0x74340000 - 0x744de000 	C:\Windows\WinSxS\x86_microsoft.windows.common-controls_6595b64144ccf1df_6.0.7601.17514_none_41e6975e2bd6f2b2\comctl32.dll
0x76030000 - 0x76087000 	C:\Windows\system32\SHLWAPI.dll
0x73e90000 - 0x73ea3000 	C:\Windows\system32\DWMAPI.DLL
0x75230000 - 0x7523c000 	C:\Windows\system32\CRYPTBASE.dll
0x76210000 - 0x76e5a000 	C:\Windows\system32\shell32.dll
0x6d2e0000 - 0x6d334000 	C:\ProgramFiles\binary\com.sun.java.jdk.win32.x86_1.6.0.013\jre\bin\fontmanager.dll
0x6d6c0000 - 0x6d6d3000 	C:\ProgramFiles\binary\com.sun.java.jdk.win32.x86_1.6.0.013\jre\bin\net.dll
0x77310000 - 0x77345000 	C:\Windows\system32\WS2_32.dll
0x75e50000 - 0x75e56000 	C:\Windows\system32\NSI.dll
0x74d20000 - 0x74d5c000 	C:\Windows\system32\mswsock.dll
0x74d10000 - 0x74d16000 	C:\Windows\System32\wship6.dll
0x6d6e0000 - 0x6d6e9000 	C:\ProgramFiles\binary\com.sun.java.jdk.win32.x86_1.6.0.013\jre\bin\nio.dll
0x67fd0000 - 0x68193000 	C:\Windows\system32\d3d9.dll
0x747b0000 - 0x747b9000 	C:\Windows\system32\VERSION.dll
0x72ce0000 - 0x72ce6000 	C:\Windows\system32\d3d8thk.dll
0x6a0e0000 - 0x6a16a000 	C:\Windows\system32\aticfx32.dll
0x73480000 - 0x7348a000 	C:\Windows\system32\atiu9pag.dll
0x66260000 - 0x6664e000 	C:\Windows\system32\atiumdag.dll
0x66c50000 - 0x66fb4000 	C:\Windows\system32\atiumdva.dll
0x0e6e0000 - 0x0e795000 	D:\MyWorkSpace\TextToSpeech\bin\org\loon\framework\jtts\espeak_lib.dll
0x0e8a0000 - 0x0e8d9000 	D:\MyWorkSpace\TextToSpeech\bin\org\loon\framework\jtts\jtts.dll
0x73eb0000 - 0x73ee9000 	C:\Windows\system32\MMDevAPI.DLL
0x74200000 - 0x742f5000 	C:\Windows\system32\PROPSYS.dll
0x75f10000 - 0x75f9f000 	C:\Windows\system32\OLEAUT32.dll
0x73650000 - 0x73680000 	C:\Windows\system32\wdmaud.drv
0x73630000 - 0x73634000 	C:\Windows\system32\ksuser.dll
0x73b00000 - 0x73b07000 	C:\Windows\system32\AVRT.dll
0x76f80000 - 0x7711d000 	C:\Windows\system32\SETUPAPI.dll
0x75560000 - 0x75587000 	C:\Windows\system32\CFGMGR32.dll
0x75590000 - 0x755a2000 	C:\Windows\system32\DEVOBJ.dll
0x73560000 - 0x73596000 	C:\Windows\system32\AUDIOSES.DLL
0x734b0000 - 0x734b8000 	C:\Windows\system32\msacm32.drv
0x73490000 - 0x734a4000 	C:\Windows\system32\MSACM32.dll
0x73440000 - 0x73447000 	C:\Windows\system32\midimap.dll
0x75fa0000 - 0x76023000 	C:\Windows\system32\CLBCatQ.DLL
0x10bd0000 - 0x10eb3000 	C:\Windows\system32\SOGOUPY.IME
0x73820000 - 0x73825000 	C:\Windows\system32\MSIMG32.dll
0x737f0000 - 0x73811000 	C:\Windows\system32\ntmarta.dll
0x75680000 - 0x756c5000 	C:\Windows\system32\WLDAP32.dll
0x6c0e0000 - 0x6c16c000 	C:\Program Files\SogouInput\Components\PicFace\1.0.0.730\PicFace.dll
0x14b40000 - 0x14bbc000 	C:\Program Files\SogouInput\6.5.0.9181\Resource.dll
0x6cd10000 - 0x6cd5f000 	C:\Program Files\SogouInput\Components\AddressSearch\1.0.0.1178\AddressSearch.dll
0x76e60000 - 0x76f7b000 	C:\Windows\system32\WININET.dll
0x75b20000 - 0x75b23000 	C:\Windows\system32\Normaliz.dll
0x75960000 - 0x75b19000 	C:\Windows\system32\iertutil.dll
0x757a0000 - 0x758b1000 	C:\Windows\system32\urlmon.dll
0x70fd0000 - 0x7100c000 	C:\Windows\system32\OLEACC.dll
0x6d250000 - 0x6d273000 	C:\ProgramFiles\binary\com.sun.java.jdk.win32.x86_1.6.0.013\jre\bin\dcpr.dll

VM Arguments:
jvm_args: -Dfile.encoding=UTF-8 
java_command: com.ghj.packageofclient.Client
Launcher Type: SUN_STANDARD

Environment Variables:
JAVA_HOME=C:\Program Files\Java\jdk1.7.0
CLASSPATH=C:\Program Files\Java\jdk1.7.0\lib
PATH=C:/ProgramFiles/binary/com.sun.java.jdk.win32.x86_1.6.0.013/jre/bin/client;C:/ProgramFiles/binary/com.sun.java.jdk.win32.x86_1.6.0.013/jre/bin;D:\oracle\product\10.2.0\db_1\bin;C:\Program Files\Java\jdk1.7.0\bin;C:\Program Files\MySQL\MySQL Server 5.0\bin;C:\Windows\System32;C:\Program Files\apache-maven-3.0.5\bin;C:\Windows;C:\Program Files\Subversion\bin;C:\Program Files\TortoiseSVN\bin
USERNAME=Windows7
OS=Windows_NT
PROCESSOR_IDENTIFIER=x86 Family 16 Model 5 Stepping 3, AuthenticAMD



---------------  S Y S T E M  ---------------

OS: Windows NT 6.1 Build 7601 Service Pack 1

CPU:total 3 (3 cores per cpu, 1 threads per core) family 16 model 5 stepping 3, cmov, cx8, fxsr, mmx, sse, sse2, sse3, mmxext, 3dnow, 3dnowext, sse4a

Memory: 4k page, physical 2095280k(872940k free), swap 4190560k(2858304k free)

vm_info: Java HotSpot(TM) Client VM (11.3-b02) for windows-x86 JRE (1.6.0_13-b03), built on Mar  9 2009 01:15:24 by "java_re" with MS VC++ 7.1

time: Tue Mar 25 15:15:07 2014
elapsed time: 69 seconds

